make[1]: Entering directory '/root/lmbench-3.0-a9/results'

                 L M B E N C H  3 . 0   S U M M A R Y
                 ------------------------------------
		 (Alpha software, do not distribute)

Basic system parameters
------------------------------------------------------------------------------
Host                 OS Description              Mhz  tlb  cache  mem   scal
                                                     pages line   par   load
                                                           bytes  
--------- ------------- ----------------------- ---- ----- ----- ------ ----
MiEuler   Linux 5.10.0-        x86_64-linux-gnu 3388                       1
MiEuler   Linux 5.10.0-        x86_64-linux-gnu 3388                       1
MiEuler   Linux 5.10.0K        x86_64-linux-gnu 3388                       1
MiEuler   Linux 5.10.0K        x86_64-linux-gnu 3388                       1
MiEuler   Linux 5.10.0K        x86_64-linux-gnu 3388                       1
MiEuler   Linux 5.10.0K        x86_64-linux-gnu 3388                       1
MiEuler   Linux 5.10.0K        x86_64-linux-gnu 3388                       1
MiEuler   Linux 5.10.0K        x86_64-linux-gnu 3388                       1
MiEuler   Linux 5.10.0K        x86_64-linux-gnu 3388                       1
MiEuler   Linux 5.10.0K        x86_64-linux-gnu 3388                       1
MiEuler   Linux 5.10.0K        x86_64-linux-gnu 3388                       1
MiEuler   Linux 5.10.0K        x86_64-linux-gnu 3388                       1
MiEuler   Linux 5.10.0-        x86_64-linux-gnu 3388                       1
MiEuler   Linux 5.10.0K        x86_64-linux-gnu 3388                       1
MiEuler   Linux 5.10.0K        x86_64-linux-gnu 3388                       1
MiEuler   Linux 5.10.0-        x86_64-linux-gnu 3388                       1
MiEuler   Linux 5.10.0-        x86_64-linux-gnu 3388                       1
MiEuler   Linux 5.10.0-        x86_64-linux-gnu 3388                       1
MiEuler   Linux 5.10.0-        x86_64-linux-gnu 3388                       1
MiEuler   Linux 5.10.0-        x86_64-linux-gnu 3388                       1
MiEuler   Linux 5.10.0-        x86_64-linux-gnu 3388                       1
MiEuler   Linux 5.10.0-        x86_64-linux-gnu 3388                       1

Processor, Processes - times in microseconds - smaller is better
------------------------------------------------------------------------------
Host                 OS  Mhz null null      open slct sig  sig  fork exec sh  
                             call  I/O stat clos TCP  inst hndl proc proc proc
--------- ------------- ---- ---- ---- ---- ---- ---- ---- ---- ---- ---- ----
MiEuler   Linux 5.10.0- 3388 0.25 0.30 0.99 1.70 5.22 0.31 0.95 275. 1334 2126
MiEuler   Linux 5.10.0- 3388 0.25 0.30 0.99 1.68 5.21 0.31 0.95 284. 1331 2137
MiEuler   Linux 5.10.0K 3388 0.24 0.31 0.99 1.76 5.43 0.31 0.95 260. 1360 2137
MiEuler   Linux 5.10.0K 3388 0.24 0.31 0.99 1.76 5.43 0.31 0.96 272. 1334 2078
MiEuler   Linux 5.10.0K 3388 0.24 0.31 0.98 1.75 5.44 0.30 0.96 276. 1349 2113
MiEuler   Linux 5.10.0K 3388 0.24 0.31 0.99 1.76 5.49 0.30 0.95 276. 1362 2105
MiEuler   Linux 5.10.0K 3388 0.24 0.31 0.98 1.76 5.43 0.31 0.95 267. 1362 2120
MiEuler   Linux 5.10.0K 3388 0.24 0.31 0.98 1.78 5.44 0.31 0.96 265. 1336 2099
MiEuler   Linux 5.10.0K 3388 0.24 0.31 0.99 1.76 5.43 0.31 0.96 269. 1332 2152
MiEuler   Linux 5.10.0K 3388 0.25 0.31 0.98 1.79 5.44 0.31 0.96 255. 1331 2111
MiEuler   Linux 5.10.0K 3388 0.24 0.31 0.98 1.76 5.43 0.31 0.95 262. 1326 2143
MiEuler   Linux 5.10.0K 3388 0.24 0.31 0.99 1.75 5.44 0.31 0.96 270. 1339 2128
MiEuler   Linux 5.10.0- 3388 0.24 0.30 0.99 1.67 5.22 0.31 0.95 269. 1337 2117
MiEuler   Linux 5.10.0K 3388 0.24 0.31 0.98 1.76 5.44 0.31 0.96 282. 1368 2153
MiEuler   Linux 5.10.0K 3388 0.24 0.31 0.99 1.75 5.44 0.31 0.96 250. 1337 2126
MiEuler   Linux 5.10.0- 3388 0.25 0.30 0.99 1.69 5.27 0.32 0.94 278. 1383 2142
MiEuler   Linux 5.10.0- 3388 0.25 0.30 0.99 1.69 5.21 0.31 0.95 269. 1330 2141
MiEuler   Linux 5.10.0- 3388 0.24 0.30 0.99 1.67 5.21 0.31 0.94 285. 1337 2136
MiEuler   Linux 5.10.0- 3388 0.24 0.30 0.99 1.67 5.21 0.31 0.95 271. 1348 2126
MiEuler   Linux 5.10.0- 3388 0.25 0.30 0.98 1.68 5.21 0.31 0.94 263. 1349 2148
MiEuler   Linux 5.10.0- 3388 0.25 0.30 0.98 1.67 5.22 0.31 0.94 285. 1376 2148
MiEuler   Linux 5.10.0- 3388 0.25 0.30 0.98 1.68 5.22 0.31 0.95 278. 1330 2146

Basic integer operations - times in nanoseconds - smaller is better
-------------------------------------------------------------------
Host                 OS  intgr intgr  intgr  intgr  intgr  
                          bit   add    mul    div    mod   
--------- ------------- ------ ------ ------ ------ ------ 
MiEuler   Linux 5.10.0- 0.2000 0.1500 0.9000 7.9900 8.1800
MiEuler   Linux 5.10.0- 0.2000 0.1500 0.9000 7.9900 8.1800
MiEuler   Linux 5.10.0K 0.2000 0.1500 0.9000 7.9900 8.1300
MiEuler   Linux 5.10.0K 0.2000 0.1500 0.9000 7.9900 8.1800
MiEuler   Linux 5.10.0K 0.2000 0.1500 0.9000 7.9900 8.1000
MiEuler   Linux 5.10.0K 0.2000 0.1500 0.9000 7.9900 8.1100
MiEuler   Linux 5.10.0K 0.2000 0.1500 0.9000 7.9900 8.1800
MiEuler   Linux 5.10.0K 0.2000 0.1500 0.9000 7.9900 8.1800
MiEuler   Linux 5.10.0K 0.2000 0.1500 0.9000 7.9900 8.1400
MiEuler   Linux 5.10.0K 0.2000 0.1500 0.9000 7.9900 8.1800
MiEuler   Linux 5.10.0K 0.2000 0.1500 0.9000 7.9900 8.1800
MiEuler   Linux 5.10.0K 0.2000 0.1500 0.9000 7.9900 8.1800
MiEuler   Linux 5.10.0- 0.2000 0.1500 0.9000 7.9900 8.1300
MiEuler   Linux 5.10.0K 0.2000 0.1500 0.9000 7.9900 8.1300
MiEuler   Linux 5.10.0K 0.2000 0.1500 0.9000 7.9900 8.1300
MiEuler   Linux 5.10.0- 0.2000 0.1500 0.9000 7.9900 8.1800
MiEuler   Linux 5.10.0- 0.2000 0.1500 0.9000 7.9900 8.1800
MiEuler   Linux 5.10.0- 0.2000 0.1500 0.9000 7.9900 8.1000
MiEuler   Linux 5.10.0- 0.2000 0.1500 0.9000 7.9900 8.1800
MiEuler   Linux 5.10.0- 0.2000 0.1500 0.9000 7.9900 8.1800
MiEuler   Linux 5.10.0- 0.2000 0.1500 0.9000 7.9900 8.1800
MiEuler   Linux 5.10.0- 0.2000 0.1500 0.9000 7.9800 8.1300

Basic uint64 operations - times in nanoseconds - smaller is better
------------------------------------------------------------------
Host                 OS int64  int64  int64  int64  int64  
                         bit    add    mul    div    mod   
--------- ------------- ------ ------ ------ ------ ------ 
MiEuler   Linux 5.10.0-  0.200        0.9000   12.6   12.2
MiEuler   Linux 5.10.0-  0.200        0.9000   12.6   12.2
MiEuler   Linux 5.10.0K  0.200        0.9000   12.6   12.2
MiEuler   Linux 5.10.0K  0.200        0.9000   12.6   12.2
MiEuler   Linux 5.10.0K  0.200        0.9000   12.6   12.2
MiEuler   Linux 5.10.0K  0.200        0.9000   12.6   12.2
MiEuler   Linux 5.10.0K  0.200        0.9000   12.6   12.2
MiEuler   Linux 5.10.0K  0.200        0.9000   12.6   12.2
MiEuler   Linux 5.10.0K  0.200        0.9000   12.6   12.2
MiEuler   Linux 5.10.0K  0.200        0.9000   12.6   12.2
MiEuler   Linux 5.10.0K  0.200        0.9000   12.6   12.2
MiEuler   Linux 5.10.0K  0.200        0.9000   12.6   12.2
MiEuler   Linux 5.10.0-  0.200        0.9000   12.6   12.2
MiEuler   Linux 5.10.0K  0.200        0.9000   12.6   12.2
MiEuler   Linux 5.10.0K  0.200        0.9000   12.6   12.2
MiEuler   Linux 5.10.0-  0.200        0.9000   12.6   12.2
MiEuler   Linux 5.10.0-  0.200        0.9000   12.6   12.2
MiEuler   Linux 5.10.0-  0.200        0.9000   12.6   12.2
MiEuler   Linux 5.10.0-  0.200        0.9000   12.6   12.2
MiEuler   Linux 5.10.0-  0.200        0.9000   12.6   12.2
MiEuler   Linux 5.10.0-  0.200        0.9000   12.6   12.2
MiEuler   Linux 5.10.0-  0.200        0.9000   12.6   12.2

Basic float operations - times in nanoseconds - smaller is better
-----------------------------------------------------------------
Host                 OS  float  float  float  float
                         add    mul    div    bogo
--------- ------------- ------ ------ ------ ------ 
MiEuler   Linux 5.10.0- 1.1800 1.1800 3.3400 0.8900
MiEuler   Linux 5.10.0- 1.1800 1.1800 3.3400 0.8900
MiEuler   Linux 5.10.0K 1.1800 1.1800 3.3400 0.8900
MiEuler   Linux 5.10.0K 1.1800 1.1800 3.3400 0.8900
MiEuler   Linux 5.10.0K 1.1800 1.1800 3.3400 0.8900
MiEuler   Linux 5.10.0K 1.1800 1.1800 3.3400 0.8900
MiEuler   Linux 5.10.0K 1.1800 1.1800 3.3400 0.8900
MiEuler   Linux 5.10.0K 1.1800 1.1800 3.3400 0.8900
MiEuler   Linux 5.10.0K 1.1800 1.1800 3.3400 0.8900
MiEuler   Linux 5.10.0K 1.1800 1.1800 3.3400 0.8900
MiEuler   Linux 5.10.0K 1.1800 1.1800 3.3400 0.8900
MiEuler   Linux 5.10.0K 1.1800 1.1800 3.3400 0.8900
MiEuler   Linux 5.10.0- 1.1800 1.1800 3.3400 0.8900
MiEuler   Linux 5.10.0K 1.1800 1.1800 3.3400 0.8900
MiEuler   Linux 5.10.0K 1.1800 1.1800 3.3400 0.8900
MiEuler   Linux 5.10.0- 1.1800 1.1800 3.3400 0.8900
MiEuler   Linux 5.10.0- 1.1800 1.1800 3.3400 0.8900
MiEuler   Linux 5.10.0- 1.1800 1.1800 3.3400 0.8900
MiEuler   Linux 5.10.0- 1.1800 1.1800 3.3400 0.8900
MiEuler   Linux 5.10.0- 1.1800 1.1800 3.3400 0.8900
MiEuler   Linux 5.10.0- 1.1800 1.1800 3.3400 0.8900
MiEuler   Linux 5.10.0- 1.1800 1.1800 3.3400 0.8900

Basic double operations - times in nanoseconds - smaller is better
------------------------------------------------------------------
Host                 OS  double double double double
                         add    mul    div    bogo
--------- ------------- ------  ------ ------ ------ 
MiEuler   Linux 5.10.0- 1.1800 1.1800 4.2200 1.1800
MiEuler   Linux 5.10.0- 1.1800 1.1800 4.2200 1.1800
MiEuler   Linux 5.10.0K 1.1800 1.1800 4.2200 1.1800
MiEuler   Linux 5.10.0K 1.1800 1.1800 4.2200 1.1800
MiEuler   Linux 5.10.0K 1.1800 1.1800 4.2200 1.1800
MiEuler   Linux 5.10.0K 1.1800 1.1800 4.2200 1.1800
MiEuler   Linux 5.10.0K 1.1800 1.1800 4.2200 1.1800
MiEuler   Linux 5.10.0K 1.1800 1.1800 4.2200 1.1800
MiEuler   Linux 5.10.0K 1.1800 1.1800 4.2200 1.1800
MiEuler   Linux 5.10.0K 1.1800 1.1800 4.2200 1.1800
MiEuler   Linux 5.10.0K 1.1800 1.1800 4.2200 1.1800
MiEuler   Linux 5.10.0K 1.1800 1.1800 4.2200 1.1800
MiEuler   Linux 5.10.0- 1.1800 1.1800 4.2200 1.1800
MiEuler   Linux 5.10.0K 1.1800 1.1800 4.2200 1.1800
MiEuler   Linux 5.10.0K 1.1800 1.1800 4.2200 1.1800
MiEuler   Linux 5.10.0- 1.1800 1.1800 4.2200 1.1800
MiEuler   Linux 5.10.0- 1.1800 1.1800 4.2200 1.1800
MiEuler   Linux 5.10.0- 1.1800 1.1800 4.2200 1.1800
MiEuler   Linux 5.10.0- 1.1800 1.1800 4.2200 1.1800
MiEuler   Linux 5.10.0- 1.1800 1.1800 4.2200 1.1800
MiEuler   Linux 5.10.0- 1.1800 1.1800 4.2200 1.1800
MiEuler   Linux 5.10.0- 1.1800 1.1800 4.2200 1.1800

Context switching - times in microseconds - smaller is better
-------------------------------------------------------------------------
Host                 OS  2p/0K 2p/16K 2p/64K 8p/16K 8p/64K 16p/16K 16p/64K
                         ctxsw  ctxsw  ctxsw ctxsw  ctxsw   ctxsw   ctxsw
--------- ------------- ------ ------ ------ ------ ------ ------- -------
MiEuler   Linux 5.10.0- 0.9700 1.0100 1.8400 1.5800 1.8200 1.82000 1.98000
MiEuler   Linux 5.10.0- 1.0400 1.0700 1.7600 1.6000 2.0000 1.79000 2.26000
MiEuler   Linux 5.10.0K 0.9100 0.9000 1.8300 1.5300 1.7600 1.87000 1.95000
MiEuler   Linux 5.10.0K 0.9900 0.9600 1.1300 1.6600 1.7500 1.75000 1.92000
MiEuler   Linux 5.10.0K                                                   
MiEuler   Linux 5.10.0K 1.0100 0.8800 1.1300 1.5800 1.6200 1.74000 2.65000
MiEuler   Linux 5.10.0K 0.9800 0.8700 1.4600 1.4700 1.7100 1.75000 2.16000
MiEuler   Linux 5.10.0K 1.0100 0.9000 1.4400 1.4900 1.5300 1.75000 3.07000
MiEuler   Linux 5.10.0K 0.8900 0.9000 1.5300 1.5300 1.7700 1.82000 2.13000
MiEuler   Linux 5.10.0K 0.9700 0.9000 1.1200 1.5400 1.8600 1.78000 2.27000
MiEuler   Linux 5.10.0K 0.9600 0.9000 1.1900 1.6300 1.5700 1.78000 2.20000
MiEuler   Linux 5.10.0K 1.0200 0.8900 1.7000 1.5200 1.6100 1.79000 2.18000
MiEuler   Linux 5.10.0-                                                   
MiEuler   Linux 5.10.0K 1.0100 0.9000 1.0100 1.5600 1.5500 1.88000 2.31000
MiEuler   Linux 5.10.0K 0.9900 0.9100 1.4100 1.5300 1.6700 1.83000 2.13000
MiEuler   Linux 5.10.0- 0.9300 1.0300 1.7700 1.5300 1.7700 1.84000 2.01000
MiEuler   Linux 5.10.0- 0.9300 1.0200 1.5000 1.7400 2.0200 1.88000 2.47000
MiEuler   Linux 5.10.0- 1.0600 0.9900 1.4500 1.5600 1.8300 1.75000 2.20000
MiEuler   Linux 5.10.0- 1.0600 1.0700 1.1200 1.5800 1.9700 1.83000 2.63000
MiEuler   Linux 5.10.0- 1.0300 1.0500 1.1800 1.5600 1.8600 1.77000 1.97000
MiEuler   Linux 5.10.0- 1.0000 1.1000 1.4900 1.6300 1.6500 1.83000 2.39000
MiEuler   Linux 5.10.0- 1.0700 0.9700 1.0100 1.5900 1.4100 1.82000 1.75000

*Local* Communication latencies in microseconds - smaller is better
---------------------------------------------------------------------
Host                 OS 2p/0K  Pipe AF     UDP  RPC/   TCP  RPC/ TCP
                        ctxsw       UNIX         UDP         TCP conn
--------- ------------- ----- ----- ---- ----- ----- ----- ----- ----
MiEuler   Linux 5.10.0- 0.970 3.606 5.95  11.8  15.6  13.7  18.4  28.
MiEuler   Linux 5.10.0- 1.040 3.768 6.01  11.7  15.5  13.5  18.3  28.
MiEuler   Linux 5.10.0K 0.910 3.546 5.91  11.6  15.7  14.0  18.6  28.
MiEuler   Linux 5.10.0K 0.990 3.578 6.03  11.5  15.7  13.9  18.5  28.
MiEuler   Linux 5.10.0K       3.529 5.87                             
MiEuler   Linux 5.10.0K 1.010 3.541 6.01  11.4  15.5  14.1  18.6  29.
MiEuler   Linux 5.10.0K 0.980 3.558 5.94  11.6  15.7  13.8  18.6  38.
MiEuler   Linux 5.10.0K 1.010 3.691 6.07  11.4  15.3  13.7  18.8  29.
MiEuler   Linux 5.10.0K 0.890 3.534 5.89  11.5  15.5  13.8  18.3  29.
MiEuler   Linux 5.10.0K 0.970 3.573 5.85  11.5  15.4  13.5  18.1  28.
MiEuler   Linux 5.10.0K 0.960 3.652 5.86  11.4  15.8  13.6  18.6  28.
MiEuler   Linux 5.10.0K 1.020 3.561 5.78  11.5  15.4  13.6  18.3  28.
MiEuler   Linux 5.10.0-       3.618 5.83  11.7  15.6  13.7  18.1  27.
MiEuler   Linux 5.10.0K 1.010 3.589 5.94  11.5  15.6  13.7  18.5  29.
MiEuler   Linux 5.10.0K 0.990 3.600 5.81  11.5  15.8  13.7  18.4  28.
MiEuler   Linux 5.10.0- 0.930 3.701 6.10  11.4  15.5  13.9  18.5  36.
MiEuler   Linux 5.10.0- 0.930 3.561 5.96  11.4  15.3  13.7  18.5  28.
MiEuler   Linux 5.10.0- 1.060 3.674 6.03  11.4  15.1  13.7  18.4  28.
MiEuler   Linux 5.10.0- 1.060 3.712 5.99  11.3  15.1  14.1  18.3  28.
MiEuler   Linux 5.10.0- 1.030 3.667 6.13  11.3  15.3  13.8  18.3  28.
MiEuler   Linux 5.10.0- 1.000 3.731 6.05  11.5  15.0  13.7  18.4  28.
MiEuler   Linux 5.10.0- 1.070 3.625 6.12  11.4  15.2  14.0  18.4  36.

*Remote* Communication latencies in microseconds - smaller is better
---------------------------------------------------------------------
Host                 OS   UDP  RPC/  TCP   RPC/ TCP
                               UDP         TCP  conn
--------- ------------- ----- ----- ----- ----- ----
MiEuler   Linux 5.10.0-                             
MiEuler   Linux 5.10.0-                             
MiEuler   Linux 5.10.0K                             
MiEuler   Linux 5.10.0K                             
MiEuler   Linux 5.10.0K                             
MiEuler   Linux 5.10.0K                             
MiEuler   Linux 5.10.0K                             
MiEuler   Linux 5.10.0K                             
MiEuler   Linux 5.10.0K                             
MiEuler   Linux 5.10.0K                             
MiEuler   Linux 5.10.0K                             
MiEuler   Linux 5.10.0K                             
MiEuler   Linux 5.10.0-                             
MiEuler   Linux 5.10.0K                             
MiEuler   Linux 5.10.0K                             
MiEuler   Linux 5.10.0-                             
MiEuler   Linux 5.10.0-                             
MiEuler   Linux 5.10.0-                             
MiEuler   Linux 5.10.0-                             
MiEuler   Linux 5.10.0-                             
MiEuler   Linux 5.10.0-                             
MiEuler   Linux 5.10.0-                             

File & VM system latencies in microseconds - smaller is better
-------------------------------------------------------------------------------
Host                 OS   0K File      10K File     Mmap    Prot   Page   100fd
                        Create Delete Create Delete Latency Fault  Fault  selct
--------- ------------- ------ ------ ------ ------ ------- ----- ------- -----
MiEuler   Linux 5.10.0- 7.6886 5.0905   15.5 7.5178  7499.0 0.553 0.03700 0.937
MiEuler   Linux 5.10.0- 7.6479 5.0282   15.5 7.4740  7436.0 0.550 0.03810 0.937
MiEuler   Linux 5.10.0K 8.2090 5.2267   16.1 7.8147  7469.0 0.561 0.03810 0.969
MiEuler   Linux 5.10.0K 8.1382 5.2434   16.1 7.7776  7546.0 0.555 0.03820 0.972
MiEuler   Linux 5.10.0K                                     0.563         0.969
MiEuler   Linux 5.10.0K 7.8874 5.0459   15.7 7.6095  7355.0 0.564 0.03700 0.973
MiEuler   Linux 5.10.0K 7.7112 5.0289   15.7 7.4747  7450.0 0.566 0.03730 0.972
MiEuler   Linux 5.10.0K 7.7702 5.0245   15.6 7.5945  7518.0 0.555 0.03730 0.971
MiEuler   Linux 5.10.0K 7.8352 5.0311   15.6 7.6539  7498.0 0.577 0.03740 0.969
MiEuler   Linux 5.10.0K 7.8486 5.0480   15.6 7.6029  7432.0 0.560 0.03750 0.972
MiEuler   Linux 5.10.0K 7.8723 5.0151   15.7 7.5514  7491.0 0.563 0.03730 0.966
MiEuler   Linux 5.10.0K 7.9009 5.0407   15.8 7.6835  7431.0 0.563 0.03740 0.971
MiEuler   Linux 5.10.0- 7.5637 5.0354   15.3 7.5023  7546.0 0.552 0.03710 0.935
MiEuler   Linux 5.10.0K 7.8810 5.0609   15.7 7.6329  7479.0 0.560 0.03730 0.971
MiEuler   Linux 5.10.0K 7.8718 5.0699   15.5 7.6488  7402.0 0.550 0.03750 0.971
MiEuler   Linux 5.10.0- 7.5153 4.9733   15.5 7.4635  7656.0 0.555 0.03680 0.939
MiEuler   Linux 5.10.0- 7.4870 4.9744   15.4 7.4939  7519.0 0.549 0.03850 0.932
MiEuler   Linux 5.10.0- 7.3880 4.9785   15.5 7.4987  7543.0 0.553 0.03690 0.934
MiEuler   Linux 5.10.0- 7.5109 4.9919   15.4 7.5319  7588.0 0.559 0.03730 0.935
MiEuler   Linux 5.10.0- 7.2741 5.1081   15.2 7.5736  7557.0 0.550 0.04540 0.931
MiEuler   Linux 5.10.0- 7.3408 5.1197   15.2 7.9272  7512.0 0.552 0.04410 0.931
MiEuler   Linux 5.10.0- 7.4221 5.1200   15.4 7.4937  7541.0 0.552 0.04520 0.934

*Local* Communication bandwidths in MB/s - bigger is better
-----------------------------------------------------------------------------
Host                OS  Pipe AF    TCP  File   Mmap  Bcopy  Bcopy  Mem   Mem
                             UNIX      reread reread (libc) (hand) read write
--------- ------------- ---- ---- ---- ------ ------ ------ ------ ---- -----
MiEuler   Linux 5.10.0- 5486 13.K 6991 8911.8  15.1K  11.2K 7471.3 13.K 10.6K
MiEuler   Linux 5.10.0- 5576 13.K 6743 8804.2  14.9K  11.2K 7446.7 14.K 10.7K
MiEuler   Linux 5.10.0K 5587 13.K 6714 9213.2  14.9K  11.2K 7473.2 13.K 10.7K
MiEuler   Linux 5.10.0K 5468 12.K 6647 9114.2  15.1K  11.2K 7450.2 13.K 10.6K
MiEuler   Linux 5.10.0K                                                      
MiEuler   Linux 5.10.0K 5611 13.K 6836 9195.7  15.1K  11.2K 7477.8 13.K 10.6K
MiEuler   Linux 5.10.0K 5617 13.K 6798 9158.1  15.1K  11.2K 7450.4 13.K 10.7K
MiEuler   Linux 5.10.0K 5672 13.K 6802 9203.6  14.8K  11.2K 7450.6 13.K 10.7K
MiEuler   Linux 5.10.0K 5703 13.K 6763 9181.0  14.8K  11.2K 7484.9 13.K 10.7K
MiEuler   Linux 5.10.0K 5751 13.K 6827 9219.5  15.1K  11.2K 7492.5 13.K 10.7K
MiEuler   Linux 5.10.0K 5626 13.K 6889 9178.5  14.9K  11.2K 7478.1 13.K 10.7K
MiEuler   Linux 5.10.0K 5646 13.K 6871 9142.6  14.9K  11.2K 7467.9 13.K 10.7K
MiEuler   Linux 5.10.0- 5562 12.K 6809 8731.2  15.0K  11.2K                  
MiEuler   Linux 5.10.0K 5680 13.K 6901 9141.2  15.1K  11.2K 7447.3 13.K 10.6K
MiEuler   Linux 5.10.0K 5632 13.K 6746 9185.9  15.1K  11.2K 7470.5 13.K 10.7K
MiEuler   Linux 5.10.0- 5461 12.K 6828 8818.9  14.9K  11.2K 7472.8 13.K 10.7K
MiEuler   Linux 5.10.0- 5618 13.K 6915 8819.4  14.8K  11.2K 7464.6 13.K 10.7K
MiEuler   Linux 5.10.0- 5621 12.K 6887 8725.6  15.1K  11.2K 7474.1 13.K 10.7K
MiEuler   Linux 5.10.0- 5790 13.K 6901 8892.5  15.1K  11.2K 7482.4 13.K 10.7K
MiEuler   Linux 5.10.0- 5445 13.K 6850 8779.5  14.9K  11.3K 7505.5 13.K 10.6K
MiEuler   Linux 5.10.0- 5561 13.K 6901 8731.3  15.1K  11.2K 7471.5 13.K 10.6K
MiEuler   Linux 5.10.0- 5539 13.K 6945 8774.9  14.9K  11.1K 7480.4 13.K 10.7K

Memory latencies in nanoseconds - smaller is better
    (WARNING - may not be correct, check graphs)
------------------------------------------------------------------------------
Host                 OS   Mhz   L1 $   L2 $    Main mem    Rand mem    Guesses
--------- -------------   ---   ----   ----    --------    --------    -------
MiEuler   Linux 5.10.0-  3388 1.1810 4.0090        18.8        83.1
MiEuler   Linux 5.10.0-  3388 1.1810 4.0020        18.8        84.3
MiEuler   Linux 5.10.0K  3388 1.1810 4.6490        19.0        75.2
MiEuler   Linux 5.10.0K  3388 1.1810 3.5470        18.9        77.6
MiEuler   Linux 5.10.0K  3388     -      -           -    Bad mhz?
MiEuler   Linux 5.10.0K  3388 1.1810 4.5390        19.0        74.5
MiEuler   Linux 5.10.0K  3388 1.1810 4.0710        18.9        74.7
MiEuler   Linux 5.10.0K  3388 1.1810 4.5380        19.4        83.8
MiEuler   Linux 5.10.0K  3388 1.1810 3.5460        18.9        84.3
MiEuler   Linux 5.10.0K  3388 1.1810 3.5440        19.2        85.7
MiEuler   Linux 5.10.0K  3388 1.1810 4.6420        19.2        85.5
MiEuler   Linux 5.10.0K  3388 1.1810 3.5440        19.0        85.0
MiEuler   Linux 5.10.0-  3388     -      -           -    Bad mhz?
MiEuler   Linux 5.10.0K  3388 1.1820 4.2240        19.1        79.3
MiEuler   Linux 5.10.0K  3388 1.1810 3.5430        19.2        85.1
MiEuler   Linux 5.10.0-  3388 1.1810 4.0050        19.1        84.3
MiEuler   Linux 5.10.0-  3388 1.1810 3.5440        18.8        84.4
MiEuler   Linux 5.10.0-  3388 1.1810 3.5440        18.8        75.7
MiEuler   Linux 5.10.0-  3388 1.1810 3.5440        19.2        85.1
MiEuler   Linux 5.10.0-  3388 1.1810 3.9970        19.1        78.8
MiEuler   Linux 5.10.0-  3388 1.1810 3.5440        18.8        76.4
MiEuler   Linux 5.10.0-  3388 1.1810 3.5440        19.0        77.4
make[1]: Leaving directory '/root/lmbench-3.0-a9/results'
